<?xml version="1.0" encoding="UTF-8"?>
<!-- Generated by org.testng.reporters.JUnitReportReporter -->
<testsuite skipped="0" hostname="Desktop-ngoyal" name="mavenSampleGroup.mavenSampleProject.AppTest" tests="2" failures="0" timestamp="09 Dec 2019 06:59:00 GMT" time="59.916" errors="0">
  <testcase name="testBrowser1" time="18.160" classname="mavenSampleGroup.mavenSampleProject.AppTest"/>
  <testcase name="testBrowser2" time="41.756" classname="mavenSampleGroup.mavenSampleProject.AppTest"/>
</testsuite> <!-- mavenSampleGroup.mavenSampleProject.AppTest -->
