<?xml version="1.0" encoding="UTF-8"?>
<!-- Generated by org.testng.reporters.JUnitReportReporter -->
<testsuite skipped="0" hostname="Desktop-ngoyal" name="RestASSURED.SampleGET" tests="1" failures="0" timestamp="09 Dec 2019 11:30:45 GMT" time="2.151" errors="0">
  <testcase name="getMethod" time="2.151" classname="RestASSURED.SampleGET"/>
</testsuite> <!-- RestASSURED.SampleGET -->
